[1228/095927.334:ERROR:crash_report_database_win.cc(496)] failed to stat report
[1228/095927.335:ERROR:crash_report_database_win.cc(496)] failed to stat report
[1228/100927.336:ERROR:crash_report_database_win.cc(496)] failed to stat report
[1228/100927.336:ERROR:crash_report_database_win.cc(496)] failed to stat report
[1228/100927.339:ERROR:filesystem_win.cc(116)] GetFileAttributes C:\Users\Prog1C\AppData\Local\Temp\.profile\Crashpad\reports\abf05206-ba33-41c0-b9bb-3258921d9cbb.dmp: Не удается найти указанный файл. (0x2)
[1228/100927.339:ERROR:filesystem_win.cc(116)] GetFileAttributes C:\Users\Prog1C\AppData\Local\Temp\.profile\Crashpad\reports\e91e61fe-fbf3-42e1-9aea-10d31499fbbb.dmp: Не удается найти указанный файл. (0x2)
[1228/100927.339:ERROR:directory_reader_win.cc(43)] FindFirstFile: Системе не удается найти указанный путь. (0x3)
[1229/162101.329:ERROR:directory_reader_win.cc(43)] FindFirstFile: Системе не удается найти указанный путь. (0x3)
[1230/141604.981:ERROR:crash_report_database_win.cc(496)] failed to stat report
[1230/143943.992:ERROR:crash_report_database_win.cc(496)] failed to stat report
[1230/145444.008:ERROR:crash_report_database_win.cc(496)] failed to stat report
[1230/150944.023:ERROR:crash_report_database_win.cc(496)] failed to stat report
[1230/152444.035:ERROR:crash_report_database_win.cc(496)] failed to stat report
[1230/153944.042:ERROR:crash_report_database_win.cc(496)] failed to stat report
[1230/155611.035:ERROR:crash_report_database_win.cc(496)] failed to stat report
[1230/160611.037:ERROR:crash_report_database_win.cc(496)] failed to stat report
[1230/160611.037:ERROR:filesystem_win.cc(116)] GetFileAttributes C:\Users\Prog1C\AppData\Local\Temp\.profile\Crashpad\reports\e55ec747-b299-4e9b-ba15-30a4bb0c8981.dmp: Не удается найти указанный файл. (0x2)
[1230/160611.038:ERROR:directory_reader_win.cc(43)] FindFirstFile: Системе не удается найти указанный путь. (0x3)
[0104/105455.205:ERROR:directory_reader_win.cc(43)] FindFirstFile: Системе не удается найти указанный путь. (0x3)
[0104/113947.066:ERROR:directory_reader_win.cc(43)] FindFirstFile: Системе не удается найти указанный путь. (0x3)
[0104/125120.677:ERROR:directory_reader_win.cc(43)] FindFirstFile: Системе не удается найти указанный путь. (0x3)
[0104/180659.591:ERROR:directory_reader_win.cc(43)] FindFirstFile: Системе не удается найти указанный путь. (0x3)
[0105/112733.155:ERROR:crash_report_database_win.cc(496)] failed to stat report
[0105/114233.176:ERROR:crash_report_database_win.cc(496)] failed to stat report
[0105/115733.190:ERROR:crash_report_database_win.cc(496)] failed to stat report
[0105/121233.195:ERROR:crash_report_database_win.cc(496)] failed to stat report
[0105/122733.204:ERROR:crash_report_database_win.cc(496)] failed to stat report
[0105/124233.218:ERROR:crash_report_database_win.cc(496)] failed to stat report
[0105/125733.221:ERROR:crash_report_database_win.cc(496)] failed to stat report
[0105/131233.232:ERROR:crash_report_database_win.cc(496)] failed to stat report
[0105/132733.244:ERROR:crash_report_database_win.cc(496)] failed to stat report
[0105/133400.842:ERROR:crash_report_database_win.cc(496)] failed to stat report
[0105/133400.843:ERROR:crash_report_database_win.cc(496)] failed to stat report
[0105/133400.844:ERROR:crash_report_database_win.cc(496)] failed to stat report
[0105/133400.844:ERROR:crash_report_database_win.cc(496)] failed to stat report
[0105/134900.847:ERROR:crash_report_database_win.cc(496)] failed to stat report
[0105/140400.849:ERROR:crash_report_database_win.cc(496)] failed to stat report
[0105/141900.860:ERROR:crash_report_database_win.cc(496)] failed to stat report
[0105/143400.865:ERROR:crash_report_database_win.cc(496)] failed to stat report
[0105/144900.904:ERROR:crash_report_database_win.cc(496)] failed to stat report
[0105/150400.910:ERROR:crash_report_database_win.cc(496)] failed to stat report
[0105/151900.912:ERROR:crash_report_database_win.cc(496)] failed to stat report
[0105/160233.598:ERROR:crash_report_database_win.cc(496)] failed to stat report
[0105/160948.244:ERROR:crash_report_database_win.cc(496)] failed to stat report
[0105/161948.249:ERROR:crash_report_database_win.cc(496)] failed to stat report
[0105/161948.250:ERROR:filesystem_win.cc(116)] GetFileAttributes C:\Users\Prog1C\AppData\Local\Temp\.profile\Crashpad\reports\9a41b029-f3ec-433f-926e-4e88e2421dfa.dmp: Не удается найти указанный файл. (0x2)
[0105/161948.251:ERROR:directory_reader_win.cc(43)] FindFirstFile: Системе не удается найти указанный путь. (0x3)
[0105/165010.654:ERROR:directory_reader_win.cc(43)] FindFirstFile: Системе не удается найти указанный путь. (0x3)
[0106/134323.675:ERROR:crash_report_database_win.cc(496)] failed to stat report
[0106/135823.680:ERROR:crash_report_database_win.cc(496)] failed to stat report
[0106/141323.682:ERROR:crash_report_database_win.cc(496)] failed to stat report
[0106/142823.693:ERROR:crash_report_database_win.cc(496)] failed to stat report
[0106/144323.695:ERROR:crash_report_database_win.cc(496)] failed to stat report
[0106/154011.859:ERROR:crash_report_database_win.cc(496)] failed to stat report
[0106/154212.976:ERROR:crash_report_database_win.cc(496)] failed to stat report
[0106/155212.979:ERROR:crash_report_database_win.cc(496)] failed to stat report
[0106/155212.980:ERROR:filesystem_win.cc(116)] GetFileAttributes C:\Users\Prog1C\AppData\Local\Temp\.profile\Crashpad\reports\71638853-9c89-4f6a-abec-5c069f15ccf9.dmp: Не удается найти указанный файл. (0x2)
[0106/155212.982:ERROR:directory_reader_win.cc(43)] FindFirstFile: Системе не удается найти указанный путь. (0x3)
[0106/171608.453:ERROR:directory_reader_win.cc(43)] FindFirstFile: Системе не удается найти указанный путь. (0x3)
[0108/103411.690:ERROR:directory_reader_win.cc(43)] FindFirstFile: Системе не удается найти указанный путь. (0x3)
[0108/110816.231:ERROR:directory_reader_win.cc(43)] FindFirstFile: Системе не удается найти указанный путь. (0x3)
[0111/164752.611:ERROR:directory_reader_win.cc(43)] FindFirstFile: Системе не удается найти указанный путь. (0x3)
[0112/142252.846:ERROR:crash_report_database_win.cc(496)] failed to stat report
[0112/143752.851:ERROR:crash_report_database_win.cc(496)] failed to stat report
[0112/151542.489:ERROR:crash_report_database_win.cc(496)] failed to stat report
[0112/153042.504:ERROR:crash_report_database_win.cc(496)] failed to stat report
[0112/154542.507:ERROR:crash_report_database_win.cc(496)] failed to stat report
[0112/160042.514:ERROR:crash_report_database_win.cc(496)] failed to stat report
[0112/161542.520:ERROR:crash_report_database_win.cc(496)] failed to stat report
[0112/163042.522:ERROR:crash_report_database_win.cc(496)] failed to stat report
[0112/164542.531:ERROR:crash_report_database_win.cc(496)] failed to stat report
[0112/170042.535:ERROR:crash_report_database_win.cc(496)] failed to stat report
[0112/171042.249:ERROR:crash_report_database_win.cc(496)] failed to stat report
[0112/171042.254:ERROR:filesystem_win.cc(116)] GetFileAttributes C:\Users\Prog1C\AppData\Local\Temp\.profile\Crashpad\reports\eaf72dd3-5750-4674-8eb9-54d80203f475.dmp: Не удается найти указанный файл. (0x2)
[0112/171042.256:ERROR:directory_reader_win.cc(43)] FindFirstFile: Системе не удается найти указанный путь. (0x3)
[0113/144632.952:ERROR:crash_report_database_win.cc(496)] failed to stat report
[0113/152744.882:ERROR:crash_report_database_win.cc(496)] failed to stat report
[0113/154244.910:ERROR:crash_report_database_win.cc(496)] failed to stat report
[0113/155744.939:ERROR:crash_report_database_win.cc(496)] failed to stat report
[0113/161244.951:ERROR:crash_report_database_win.cc(496)] failed to stat report
[0113/162744.972:ERROR:crash_report_database_win.cc(496)] failed to stat report
[0113/164244.985:ERROR:crash_report_database_win.cc(496)] failed to stat report
[0113/165745.012:ERROR:crash_report_database_win.cc(496)] failed to stat report
[0113/171245.038:ERROR:crash_report_database_win.cc(496)] failed to stat report
[0113/172745.058:ERROR:crash_report_database_win.cc(496)] failed to stat report
[0113/174245.087:ERROR:crash_report_database_win.cc(496)] failed to stat report
[0113/174947.383:ERROR:process_info.cc(359)] UncheckedAllocate
[0113/174947.384:ERROR:process_info.cc(359)] UncheckedAllocate
[0113/174947.417:ERROR:crash_report_database_win.cc(496)] failed to stat report
[0113/174947.418:ERROR:crash_report_database_win.cc(496)] failed to stat report
[0113/174947.419:ERROR:crash_report_database_win.cc(496)] failed to stat report
[0113/174947.419:ERROR:crash_report_database_win.cc(496)] failed to stat report
[0113/174947.485:ERROR:crash_report_database_win.cc(496)] failed to stat report
[0113/174947.486:ERROR:crash_report_database_win.cc(496)] failed to stat report
[0113/174947.486:ERROR:crash_report_database_win.cc(496)] failed to stat report
[0113/174947.488:ERROR:crash_report_database_win.cc(496)] failed to stat report
[0113/175018.171:ERROR:crash_report_database_win.cc(496)] failed to stat report
[0113/180018.181:ERROR:crash_report_database_win.cc(496)] failed to stat report
[0113/180018.183:ERROR:filesystem_win.cc(116)] GetFileAttributes C:\Users\Prog1C\AppData\Local\Temp\.profile\Crashpad\reports\3c7b2051-22e9-45af-882f-bb3bec4027a1.dmp: Не удается найти указанный файл. (0x2)
[0113/180018.184:ERROR:directory_reader_win.cc(43)] FindFirstFile: Системе не удается найти указанный путь. (0x3)
[0115/094948.897:ERROR:directory_reader_win.cc(43)] FindFirstFile: Системе не удается найти указанный путь. (0x3)
